TN:
SF:src\components\AuthGate.jsx
FN:8,FullScreenLoader
FN:21,AuthGate
FN:29,(anonymous_2)
FNF:3
FNH:3
FNDA:4,FullScreenLoader
FNDA:5,AuthGate
FNDA:5,(anonymous_2)
DA:9,4
DA:22,5
DA:23,5
DA:24,5
DA:26,5
DA:29,5
DA:30,5
DA:31,3
DA:34,5
DA:35,1
LF:10
LH:10
BRDA:21,0,0,0
BRDA:26,1,0,5
BRDA:26,1,1,4
BRDA:26,1,2,3
BRDA:26,1,3,2
BRDA:26,1,4,1
BRDA:30,2,0,2
BRDA:30,2,1,3
BRDA:30,3,0,5
BRDA:30,3,1,4
BRDA:31,4,0,3
BRDA:31,4,1,1
BRDA:31,5,0,1
BRDA:31,5,1,0
BRDA:34,6,0,4
BRDA:34,6,1,1
BRDA:34,7,0,5
BRDA:34,7,1,4
BRF:18
BRH:16
end_of_record
TN:
SF:src\components\ConnectionStatus.jsx
FN:6,ConnectionStatus
FN:10,(anonymous_1)
FN:11,(anonymous_2)
FN:23,(anonymous_3)
FNF:4
FNH:4
FNDA:8,ConnectionStatus
FNDA:4,(anonymous_1)
FNDA:6,(anonymous_2)
FNDA:4,(anonymous_3)
DA:7,8
DA:8,8
DA:10,8
DA:11,4
DA:12,6
DA:13,6
DA:14,5
DA:15,5
DA:19,4
DA:22,4
DA:23,4
DA:26,8
DA:27,4
DA:35,4
LF:14
LH:14
BRDA:26,0,0,4
BRDA:26,0,1,4
BRDA:37,1,0,3
BRDA:37,1,1,1
BRDA:42,2,0,3
BRDA:42,2,1,1
BRDA:47,3,0,3
BRDA:47,3,1,1
BRDA:51,4,0,3
BRDA:51,4,1,1
BRF:10
BRH:10
end_of_record
TN:
SF:src\components\features\GeneratorForm.jsx
FN:18,(anonymous_0)
FN:29,(anonymous_1)
FN:102,(anonymous_2)
FN:117,(anonymous_3)
FN:136,(anonymous_4)
FN:144,(anonymous_5)
FN:218,(anonymous_6)
FN:218,(anonymous_7)
FNF:8
FNH:6
FNDA:9,(anonymous_0)
FNDA:9,(anonymous_1)
FNDA:8,(anonymous_2)
FNDA:6,(anonymous_3)
FNDA:36,(anonymous_4)
FNDA:1,(anonymous_5)
FNDA:0,(anonymous_6)
FNDA:0,(anonymous_7)
DA:18,1
DA:19,9
DA:29,9
DA:50,9
DA:62,9
DA:67,9
DA:102,8
DA:117,6
DA:137,36
DA:138,36
DA:144,1
DA:218,0
LF:12
LH:11
BRDA:146,0,0,3
BRDA:146,0,1,33
BRDA:153,1,0,3
BRDA:153,1,1,33
BRDA:158,2,0,3
BRDA:158,2,1,33
BRDA:164,3,0,3
BRDA:164,3,1,33
BRDA:169,4,0,3
BRDA:169,4,1,33
BRDA:177,5,0,36
BRDA:177,5,1,3
BRDA:196,6,0,9
BRDA:196,6,1,1
BRDA:220,7,0,0
BRDA:220,7,1,1
BRDA:225,8,0,0
BRDA:225,8,1,1
BRDA:239,9,0,9
BRDA:239,9,1,8
BRDA:239,9,2,1
BRDA:239,9,3,1
BRDA:243,10,0,1
BRDA:243,10,1,8
BRDA:268,11,0,1
BRDA:268,11,1,8
BRF:26
BRH:24
end_of_record
TN:
SF:src\components\features\LeadsTable.jsx
FN:11,(anonymous_0)
FN:12,(anonymous_1)
FN:37,(anonymous_2)
FN:145,(anonymous_3)
FN:178,(anonymous_4)
FN:242,(anonymous_5)
FNF:6
FNH:6
FNDA:7,(anonymous_0)
FNDA:6,(anonymous_1)
FNDA:12,(anonymous_2)
FNDA:12,(anonymous_3)
FNDA:1,(anonymous_4)
FNDA:1,(anonymous_5)
DA:11,1
DA:12,7
DA:13,6
DA:14,6
DA:16,0
DA:20,7
DA:32,7
DA:37,12
DA:38,7
DA:40,7
DA:146,12
DA:178,1
DA:242,1
LF:13
LH:12
BRDA:14,0,0,6
BRDA:14,0,1,0
BRDA:126,1,0,1
BRDA:126,1,1,6
BRDA:162,2,0,12
BRDA:162,2,1,0
BRDA:169,3,0,6
BRDA:169,3,1,6
BRDA:182,4,0,1
BRDA:182,4,1,5
BRDA:187,5,0,1
BRDA:187,5,1,5
BRDA:195,6,0,12
BRDA:195,6,1,0
BRDA:202,7,0,12
BRDA:202,7,1,6
BRDA:207,8,0,6
BRDA:207,8,1,6
BRDA:207,9,0,12
BRDA:207,9,1,6
BRDA:260,10,0,7
BRDA:260,10,1,6
BRF:22
BRH:19
end_of_record
TN:
SF:src\components\features\VerifierTab.jsx
FN:12,(anonymous_0)
FN:74,(anonymous_1)
FN:215,(anonymous_2)
FN:311,(anonymous_3)
FN:320,(anonymous_4)
FN:326,(anonymous_5)
FN:342,(anonymous_6)
FNF:7
FNH:6
FNDA:10,(anonymous_0)
FNDA:7,(anonymous_1)
FNDA:0,(anonymous_2)
FNDA:2,(anonymous_3)
FNDA:2,(anonymous_4)
FNDA:2,(anonymous_5)
FNDA:2,(anonymous_6)
DA:12,1
DA:17,10
DA:28,10
DA:33,10
DA:74,7
DA:215,0
DA:311,2
DA:320,2
DA:326,2
DA:343,2
LF:10
LH:9
BRDA:87,0,0,1
BRDA:87,0,1,9
BRDA:112,1,0,10
BRDA:112,1,1,2
BRDA:118,2,0,1
BRDA:118,2,1,1
BRDA:124,3,0,1
BRDA:124,3,1,1
BRDA:131,4,0,1
BRDA:131,4,1,1
BRDA:133,5,0,1
BRDA:133,5,1,1
BRDA:174,6,0,1
BRDA:174,6,1,9
BRDA:228,7,0,1
BRDA:228,7,1,9
BRDA:295,8,0,10
BRDA:295,8,1,1
BRDA:353,9,0,1
BRDA:353,9,1,1
BRDA:357,10,0,1
BRDA:357,10,1,1
BRDA:362,11,0,1
BRDA:362,11,1,1
BRF:24
BRH:24
end_of_record
TN:
SF:src\components\layout\Sidebar.jsx
FN:18,(anonymous_0)
FN:90,(anonymous_1)
FN:131,(anonymous_2)
FN:140,(anonymous_3)
FN:147,(anonymous_4)
FN:222,(anonymous_5)
FN:261,(anonymous_6)
FNF:7
FNH:4
FNDA:6,(anonymous_0)
FNDA:0,(anonymous_1)
FNDA:0,(anonymous_2)
FNDA:18,(anonymous_3)
FNDA:2,(anonymous_4)
FNDA:1,(anonymous_5)
FNDA:0,(anonymous_6)
DA:18,1
DA:19,6
DA:43,6
DA:62,6
DA:67,6
DA:90,0
DA:131,0
DA:141,18
DA:142,18
DA:148,2
DA:149,2
DA:150,1
DA:222,1
DA:261,0
LF:14
LH:11
BRDA:93,0,0,6
BRDA:93,0,1,0
BRDA:99,1,0,6
BRDA:99,1,1,0
BRDA:99,1,2,6
BRDA:149,2,0,1
BRDA:149,2,1,1
BRDA:154,3,0,6
BRDA:154,3,1,12
BRDA:160,4,0,18
BRDA:160,4,1,6
BRDA:172,5,0,6
BRDA:172,5,1,12
BRDA:179,6,0,6
BRDA:179,6,1,12
BRDA:186,7,0,6
BRDA:186,7,1,12
BRDA:191,8,0,6
BRDA:191,8,1,12
BRDA:197,9,0,6
BRDA:197,9,1,12
BRDA:226,10,0,1
BRDA:226,10,1,5
BRDA:233,11,0,1
BRDA:233,11,1,5
BRDA:256,12,0,6
BRDA:256,12,1,6
BRF:27
BRH:25
end_of_record
TN:
SF:src\components\ui\Button.jsx
FN:5,(anonymous_0)
FNF:1
FNH:1
FNDA:7,(anonymous_0)
DA:5,1
DA:7,7
DA:9,7
DA:18,7
LF:4
LH:4
BRDA:5,0,0,4
BRDA:5,1,0,6
BRDA:20,2,0,6
BRDA:20,2,1,1
BRDA:21,3,0,6
BRDA:21,3,1,1
BRDA:22,4,0,6
BRDA:22,4,1,1
BRDA:25,5,0,1
BRDA:25,5,1,6
BRDA:27,6,0,1
BRDA:27,6,1,6
BRF:12
BRH:12
end_of_record
TN:
SF:src\hooks\useAuthUser.js
FN:11,useAuthUser
FN:14,(anonymous_1)
FN:15,(anonymous_2)
FN:18,(anonymous_3)
FNF:4
FNH:4
FNDA:6,useAuthUser
FNDA:4,(anonymous_1)
FNDA:2,(anonymous_2)
FNDA:4,(anonymous_3)
DA:12,6
DA:14,6
DA:15,4
DA:16,2
DA:18,4
DA:21,6
LF:6
LH:6
BRDA:16,0,0,2
BRDA:16,0,1,1
BRF:2
BRH:2
end_of_record
TN:
SF:src\services\api.js
FN:15,(anonymous_0)
FN:23,(anonymous_1)
FN:31,(anonymous_2)
FN:40,(anonymous_3)
FN:57,(anonymous_4)
FN:73,(anonymous_5)
FN:74,(anonymous_6)
FN:96,(anonymous_7)
FN:110,(anonymous_8)
FNF:9
FNH:9
FNDA:9,(anonymous_0)
FNDA:3,(anonymous_1)
FNDA:6,(anonymous_2)
FNDA:2,(anonymous_3)
FNDA:4,(anonymous_4)
FNDA:1,(anonymous_5)
FNDA:2,(anonymous_6)
FNDA:2,(anonymous_7)
FNDA:2,(anonymous_8)
DA:6,11
DA:7,11
DA:8,0
DA:11,11
DA:12,11
DA:15,11
DA:16,9
DA:17,9
DA:19,0
DA:23,11
DA:24,3
DA:25,3
DA:27,0
DA:31,11
DA:32,6
DA:33,6
DA:34,6
DA:40,11
DA:41,2
DA:42,2
DA:43,2
DA:49,11
DA:57,11
DA:58,4
DA:59,4
DA:60,2
DA:61,2
DA:63,2
DA:64,2
DA:65,1
DA:66,1
DA:68,2
DA:72,11
DA:73,1
DA:75,2
DA:76,2
DA:77,2
DA:79,2
DA:80,2
DA:81,2
DA:82,2
DA:83,1
DA:84,1
DA:85,1
DA:87,1
DA:88,1
DA:91,0
DA:96,11
DA:97,2
DA:98,2
DA:99,1
DA:100,1
DA:105,1
DA:106,1
DA:110,11
DA:111,2
DA:112,2
DA:113,1
DA:115,1
LF:59
LH:55
BRDA:7,0,0,0
BRDA:7,0,1,11
BRDA:31,1,0,0
BRDA:33,2,0,6
BRDA:33,2,1,0
BRDA:34,3,0,6
BRDA:34,3,1,0
BRDA:50,4,0,0
BRDA:50,4,1,11
BRDA:59,5,0,2
BRDA:59,5,1,2
BRDA:64,6,0,1
BRDA:64,6,1,1
BRDA:79,7,0,2
BRDA:79,7,1,0
BRDA:79,8,0,2
BRDA:79,8,1,2
BRDA:79,8,2,2
BRDA:79,8,3,2
BRDA:98,9,0,1
BRDA:98,9,1,1
BRF:21
BRH:15
end_of_record
TN:
SF:src\views\Dashboard.jsx
FN:8,(anonymous_0)
FN:18,(anonymous_1)
FN:19,(anonymous_2)
FN:20,(anonymous_3)
FN:21,(anonymous_4)
FN:22,(anonymous_5)
FN:23,(anonymous_6)
FN:24,(anonymous_7)
FN:25,(anonymous_8)
FN:26,(anonymous_9)
FN:27,(anonymous_10)
FN:28,(anonymous_11)
FN:29,(anonymous_12)
FN:30,(anonymous_13)
FN:31,(anonymous_14)
FN:32,(anonymous_15)
FN:33,(anonymous_16)
FN:34,(anonymous_17)
FN:35,(anonymous_18)
FN:36,(anonymous_19)
FN:37,(anonymous_20)
FN:38,(anonymous_21)
FN:39,(anonymous_22)
FN:40,(anonymous_23)
FN:41,(anonymous_24)
FN:42,(anonymous_25)
FN:43,(anonymous_26)
FN:44,(anonymous_27)
FN:45,(anonymous_28)
FN:404,SbStats
FN:405,(anonymous_30)
FN:415,(anonymous_31)
FN:432,Generator
FN:447,(anonymous_33)
FN:447,(anonymous_34)
FN:449,(anonymous_35)
FN:454,(anonymous_36)
FN:454,(anonymous_37)
FN:456,(anonymous_38)
FN:462,(anonymous_39)
FN:463,(anonymous_40)
FN:494,(anonymous_41)
FN:494,(anonymous_42)
FN:501,(anonymous_43)
FN:501,(anonymous_44)
FN:514,Leads
FN:516,(anonymous_46)
FN:519,(anonymous_47)
FN:522,(anonymous_48)
FN:533,(anonymous_49)
FN:557,(anonymous_50)
FN:570,(anonymous_51)
FN:573,(anonymous_52)
FN:588,Verifier
FN:595,(anonymous_54)
FN:616,(anonymous_55)
FN:618,(anonymous_56)
FN:623,(anonymous_57)
FN:643,(anonymous_58)
FN:658,(anonymous_59)
FN:660,(anonymous_60)
FN:683,SenderOptions
FN:695,(anonymous_62)
FN:700,(anonymous_63)
FN:706,(anonymous_64)
FN:765,(anonymous_65)
FN:765,(anonymous_66)
FN:769,(anonymous_67)
FN:769,(anonymous_68)
FN:773,(anonymous_69)
FN:773,(anonymous_70)
FN:777,(anonymous_71)
FN:777,(anonymous_72)
FN:784,(anonymous_73)
FN:784,(anonymous_74)
FN:819,(anonymous_75)
FN:832,(anonymous_76)
FN:849,Dashboard
FN:860,(anonymous_78)
FN:890,(anonymous_79)
FN:891,(anonymous_80)
FN:898,(anonymous_81)
FN:902,(anonymous_82)
FN:912,(anonymous_83)
FN:918,(anonymous_84)
FN:918,(anonymous_85)
FN:918,(anonymous_86)
FN:921,(anonymous_87)
FN:974,(anonymous_88)
FN:990,(anonymous_89)
FN:991,(anonymous_90)
FN:992,(anonymous_91)
FN:994,(anonymous_92)
FN:1011,(anonymous_93)
FN:1028,(anonymous_94)
FN:1029,(anonymous_95)
FN:1029,(anonymous_96)
FN:1030,(anonymous_97)
FN:1039,(anonymous_98)
FN:1040,(anonymous_99)
FN:1043,(anonymous_100)
FN:1043,(anonymous_101)
FN:1047,(anonymous_102)
FN:1050,(anonymous_103)
FN:1070,(anonymous_104)
FN:1080,(anonymous_105)
FN:1081,(anonymous_106)
FN:1087,(anonymous_107)
FN:1097,(anonymous_108)
FN:1097,(anonymous_109)
FN:1105,(anonymous_110)
FN:1105,(anonymous_111)
FN:1110,(anonymous_112)
FN:1110,(anonymous_113)
FNF:114
FNH:90
FNDA:1,(anonymous_0)
FNDA:350,(anonymous_1)
FNDA:74,(anonymous_2)
FNDA:121,(anonymous_3)
FNDA:72,(anonymous_4)
FNDA:72,(anonymous_5)
FNDA:72,(anonymous_6)
FNDA:71,(anonymous_7)
FNDA:1,(anonymous_8)
FNDA:10,(anonymous_9)
FNDA:8,(anonymous_10)
FNDA:140,(anonymous_11)
FNDA:9,(anonymous_12)
FNDA:0,(anonymous_13)
FNDA:72,(anonymous_14)
FNDA:144,(anonymous_15)
FNDA:165,(anonymous_16)
FNDA:67,(anonymous_17)
FNDA:67,(anonymous_18)
FNDA:59,(anonymous_19)
FNDA:8,(anonymous_20)
FNDA:10,(anonymous_21)
FNDA:8,(anonymous_22)
FNDA:78,(anonymous_23)
FNDA:59,(anonymous_24)
FNDA:126,(anonymous_25)
FNDA:59,(anonymous_26)
FNDA:131,(anonymous_27)
FNDA:72,(anonymous_28)
FNDA:72,SbStats
FNDA:51,(anonymous_30)
FNDA:288,(anonymous_31)
FNDA:59,Generator
FNDA:5,(anonymous_33)
FNDA:5,(anonymous_34)
FNDA:590,(anonymous_35)
FNDA:4,(anonymous_36)
FNDA:4,(anonymous_37)
FNDA:590,(anonymous_38)
FNDA:177,(anonymous_39)
FNDA:0,(anonymous_40)
FNDA:0,(anonymous_41)
FNDA:0,(anonymous_42)
FNDA:1,(anonymous_43)
FNDA:1,(anonymous_44)
FNDA:10,Leads
FNDA:9,(anonymous_46)
FNDA:8,(anonymous_47)
FNDA:8,(anonymous_48)
FNDA:1,(anonymous_49)
FNDA:8,(anonymous_50)
FNDA:1,(anonymous_51)
FNDA:1,(anonymous_52)
FNDA:8,Verifier
FNDA:1,(anonymous_54)
FNDA:1,(anonymous_55)
FNDA:2,(anonymous_56)
FNDA:1,(anonymous_57)
FNDA:1,(anonymous_58)
FNDA:1,(anonymous_59)
FNDA:1,(anonymous_60)
FNDA:6,SenderOptions
FNDA:1,(anonymous_62)
FNDA:1,(anonymous_63)
FNDA:2,(anonymous_64)
FNDA:0,(anonymous_65)
FNDA:0,(anonymous_66)
FNDA:0,(anonymous_67)
FNDA:0,(anonymous_68)
FNDA:0,(anonymous_69)
FNDA:0,(anonymous_70)
FNDA:0,(anonymous_71)
FNDA:0,(anonymous_72)
FNDA:0,(anonymous_73)
FNDA:0,(anonymous_74)
FNDA:1,(anonymous_75)
FNDA:1,(anonymous_76)
FNDA:72,Dashboard
FNDA:22,(anonymous_78)
FNDA:20,(anonymous_79)
FNDA:20,(anonymous_80)
FNDA:20,(anonymous_81)
FNDA:18,(anonymous_82)
FNDA:21,(anonymous_83)
FNDA:0,(anonymous_84)
FNDA:0,(anonymous_85)
FNDA:0,(anonymous_86)
FNDA:5,(anonymous_87)
FNDA:1,(anonymous_88)
FNDA:0,(anonymous_89)
FNDA:0,(anonymous_90)
FNDA:0,(anonymous_91)
FNDA:0,(anonymous_92)
FNDA:2,(anonymous_93)
FNDA:1,(anonymous_94)
FNDA:1,(anonymous_95)
FNDA:1,(anonymous_96)
FNDA:1,(anonymous_97)
FNDA:1,(anonymous_98)
FNDA:1,(anonymous_99)
FNDA:1,(anonymous_100)
FNDA:1,(anonymous_101)
FNDA:1,(anonymous_102)
FNDA:9,(anonymous_103)
FNDA:0,(anonymous_104)
FNDA:288,(anonymous_105)
FNDA:9,(anonymous_106)
FNDA:216,(anonymous_107)
FNDA:0,(anonymous_108)
FNDA:0,(anonymous_109)
FNDA:1,(anonymous_110)
FNDA:1,(anonymous_111)
FNDA:1,(anonymous_112)
FNDA:1,(anonymous_113)
DA:8,1
DA:9,1
DA:10,1
DA:16,1
DA:17,1
DA:18,350
DA:19,74
DA:20,121
DA:21,72
DA:22,72
DA:23,72
DA:24,71
DA:25,1
DA:26,10
DA:27,8
DA:28,140
DA:29,9
DA:30,0
DA:31,72
DA:32,144
DA:33,165
DA:34,67
DA:35,67
DA:36,59
DA:37,8
DA:38,10
DA:39,8
DA:40,78
DA:41,59
DA:42,126
DA:43,59
DA:44,131
DA:45,72
DA:51,1
DA:385,1
DA:390,1
DA:391,1
DA:392,1
DA:393,1
DA:405,72
DA:406,72
DA:407,72
DA:413,72
DA:416,288
DA:433,59
DA:434,59
DA:447,5
DA:449,590
DA:454,4
DA:456,590
DA:463,177
DA:494,0
DA:501,1
DA:515,10
DA:516,10
DA:519,10
DA:522,10
DA:523,8
DA:524,8
DA:525,8
DA:526,8
DA:527,0
DA:530,10
DA:533,1
DA:558,8
DA:570,1
DA:573,1
DA:589,8
DA:590,8
DA:591,8
DA:592,8
DA:593,8
DA:595,8
DA:596,1
DA:597,1
DA:598,1
DA:599,1
DA:600,1
DA:601,1
DA:602,1
DA:610,0
DA:611,0
DA:613,1
DA:616,8
DA:617,1
DA:618,2
DA:619,1
DA:620,1
DA:621,1
DA:622,1
DA:623,1
DA:628,0
DA:629,0
DA:631,1
DA:635,8
DA:643,1
DA:658,1
DA:660,1
DA:684,6
DA:691,6
DA:692,6
DA:693,6
DA:695,6
DA:696,1
DA:697,0
DA:698,0
DA:700,6
DA:701,1
DA:702,0
DA:703,0
DA:704,0
DA:706,6
DA:707,2
DA:708,2
DA:709,2
DA:710,2
DA:711,2
DA:719,1
DA:721,1
DA:723,2
DA:727,6
DA:765,0
DA:769,0
DA:773,0
DA:777,0
DA:784,0
DA:820,1
DA:832,1
DA:842,1
DA:850,72
DA:851,72
DA:852,72
DA:853,72
DA:854,72
DA:855,72
DA:856,72
DA:857,72
DA:858,72
DA:860,72
DA:861,22
DA:862,22
DA:863,22
DA:864,22
DA:866,22
DA:867,22
DA:868,21
DA:870,21
DA:871,0
DA:872,0
DA:873,0
DA:875,21
DA:876,21
DA:877,21
DA:878,21
DA:881,21
DA:884,21
DA:885,21
DA:886,21
DA:890,72
DA:891,20
DA:892,20
DA:893,20
DA:895,1
DA:898,20
DA:899,20
DA:900,20
DA:901,19
DA:902,19
DA:904,1
DA:907,20
DA:908,20
DA:912,72
DA:913,21
DA:914,21
DA:915,20
DA:918,72
DA:921,72
DA:922,5
DA:925,5
DA:926,1
DA:927,1
DA:930,4
DA:931,0
DA:932,0
DA:935,4
DA:936,0
DA:937,0
DA:941,4
DA:942,0
DA:943,0
DA:947,4
DA:948,0
DA:949,0
DA:952,4
DA:953,4
DA:954,4
DA:961,4
DA:970,3
DA:972,3
DA:974,1
DA:986,1
DA:987,1
DA:989,0
DA:990,0
DA:991,0
DA:992,0
DA:994,0
DA:996,1
DA:997,1
DA:998,1
DA:1000,2
DA:1003,1
DA:1004,1
DA:1005,1
DA:1007,4
DA:1011,72
DA:1012,2
DA:1013,2
DA:1014,1
DA:1015,1
DA:1016,1
DA:1017,1
DA:1018,1
DA:1019,1
DA:1020,1
DA:1021,1
DA:1023,1
DA:1024,1
DA:1028,72
DA:1029,1
DA:1030,1
DA:1031,1
DA:1032,1
DA:1033,1
DA:1035,0
DA:1036,0
DA:1039,72
DA:1040,1
DA:1041,1
DA:1042,1
DA:1043,1
DA:1045,0
DA:1047,1
DA:1050,72
DA:1052,72
DA:1053,72
DA:1059,72
DA:1065,72
DA:1070,0
DA:1081,288
DA:1087,216
DA:1097,0
DA:1105,1
DA:1110,1
LF:254
LH:216
BRDA:406,0,0,72
BRDA:406,0,1,0
BRDA:420,1,0,216
BRDA:420,1,1,72
BRDA:463,2,0,177
BRDA:463,2,1,0
BRDA:475,3,0,59
BRDA:475,3,1,0
BRDA:480,4,0,59
BRDA:480,4,1,59
BRDA:486,5,0,0
BRDA:486,5,1,59
BRDA:489,6,0,0
BRDA:489,6,1,59
BRDA:494,7,0,0
BRDA:494,7,1,59
BRDA:503,8,0,4
BRDA:503,8,1,55
BRDA:503,9,0,4
BRDA:503,9,1,55
BRDA:516,10,0,9
BRDA:516,10,1,1
BRDA:516,10,2,1
BRDA:516,11,0,9
BRDA:516,11,1,0
BRDA:516,12,0,1
BRDA:516,12,1,1
BRDA:516,13,0,1
BRDA:516,13,1,0
BRDA:519,14,0,8
BRDA:519,14,1,0
BRDA:519,14,2,0
BRDA:523,15,0,0
BRDA:523,15,1,8
BRDA:540,16,0,2
BRDA:540,16,1,8
BRDA:559,17,0,0
BRDA:559,17,1,8
BRDA:559,18,0,8
BRDA:559,18,1,8
BRDA:560,19,0,8
BRDA:560,19,1,8
BRDA:563,20,0,8
BRDA:563,20,1,0
BRDA:565,21,0,8
BRDA:565,21,1,1
BRDA:566,22,0,8
BRDA:566,22,1,7
BRDA:567,23,0,8
BRDA:567,23,1,0
BRDA:571,24,0,1
BRDA:571,24,1,7
BRDA:580,25,0,2
BRDA:580,25,1,8
BRDA:597,26,0,0
BRDA:597,26,1,1
BRDA:607,27,0,1
BRDA:607,27,1,0
BRDA:619,28,0,0
BRDA:619,28,1,1
BRDA:623,29,0,1
BRDA:623,29,1,0
BRDA:644,30,0,2
BRDA:644,30,1,6
BRDA:645,31,0,8
BRDA:645,31,1,1
BRDA:646,32,0,1
BRDA:646,32,1,0
BRDA:646,33,0,1
BRDA:646,33,1,0
BRDA:647,34,0,1
BRDA:647,34,1,0
BRDA:648,35,0,1
BRDA:648,35,1,0
BRDA:649,36,0,0
BRDA:649,36,1,1
BRDA:659,37,0,2
BRDA:659,37,1,6
BRDA:660,38,0,8
BRDA:660,38,1,1
BRDA:660,39,0,0
BRDA:660,39,1,1
BRDA:660,40,0,0
BRDA:660,40,1,1
BRDA:696,41,0,1
BRDA:696,41,1,0
BRDA:697,42,0,0
BRDA:697,42,1,0
BRDA:701,43,0,1
BRDA:701,43,1,0
BRDA:702,44,0,0
BRDA:702,44,1,0
BRDA:703,45,0,0
BRDA:703,45,1,0
BRDA:715,46,0,2
BRDA:715,46,1,0
BRDA:721,47,0,1
BRDA:721,47,1,0
BRDA:721,47,2,0
BRDA:788,48,0,2
BRDA:788,48,1,4
BRDA:790,49,0,6
BRDA:790,49,1,1
BRDA:810,50,0,6
BRDA:810,50,1,5
BRDA:810,51,0,1
BRDA:810,51,1,5
BRDA:813,52,0,1
BRDA:813,52,1,5
BRDA:814,53,0,6
BRDA:814,53,1,1
BRDA:817,54,0,6
BRDA:817,54,1,1
BRDA:821,55,0,1
BRDA:821,55,1,0
BRDA:821,56,0,0
BRDA:821,56,1,0
BRDA:829,57,0,1
BRDA:829,57,1,1
BRDA:866,58,0,43
BRDA:866,58,1,22
BRDA:870,59,0,0
BRDA:870,59,1,21
BRDA:875,60,0,21
BRDA:875,60,1,0
BRDA:877,61,0,21
BRDA:877,61,1,0
BRDA:878,62,0,21
BRDA:878,62,1,21
BRDA:885,63,0,21
BRDA:885,63,1,0
BRDA:902,64,0,18
BRDA:902,64,1,1
BRDA:913,65,0,0
BRDA:913,65,1,21
BRDA:914,66,0,1
BRDA:914,66,1,20
BRDA:918,67,0,0
BRDA:918,67,1,0
BRDA:925,68,0,1
BRDA:925,68,1,4
BRDA:925,69,0,5
BRDA:925,69,1,4
BRDA:930,70,0,0
BRDA:930,70,1,4
BRDA:930,71,0,4
BRDA:930,71,1,4
BRDA:935,72,0,0
BRDA:935,72,1,4
BRDA:941,73,0,0
BRDA:941,73,1,4
BRDA:941,74,0,4
BRDA:941,74,1,4
BRDA:941,74,2,4
BRDA:947,75,0,0
BRDA:947,75,1,4
BRDA:947,76,0,4
BRDA:947,76,1,0
BRDA:947,76,2,0
BRDA:967,77,0,4
BRDA:967,77,1,0
BRDA:972,78,0,1
BRDA:972,78,1,2
BRDA:972,79,0,3
BRDA:972,79,1,3
BRDA:975,80,0,1
BRDA:975,80,1,0
BRDA:976,81,0,1
BRDA:976,81,1,0
BRDA:977,82,0,1
BRDA:977,82,1,1
BRDA:978,83,0,1
BRDA:978,83,1,1
BRDA:980,84,0,1
BRDA:980,84,1,1
BRDA:981,85,0,1
BRDA:981,85,1,1
BRDA:983,86,0,1
BRDA:983,86,1,1
BRDA:996,87,0,0
BRDA:996,87,1,1
BRDA:1004,88,0,1
BRDA:1004,88,1,0
BRDA:1004,88,2,0
BRDA:1004,88,3,0
BRDA:1043,89,0,1
BRDA:1043,89,1,0
BRDA:1070,90,0,1
BRDA:1070,90,1,71
BRDA:1073,91,0,1
BRDA:1073,91,1,71
BRDA:1081,92,0,72
BRDA:1081,92,1,216
BRDA:1083,93,0,288
BRDA:1083,93,1,72
BRDA:1096,94,0,1
BRDA:1096,94,1,71
BRDA:1096,95,0,1
BRDA:1096,95,1,71
BRDA:1097,96,0,1
BRDA:1097,96,1,71
BRDA:1105,97,0,1
BRDA:1105,97,1,71
BRDA:1110,98,0,1
BRDA:1110,98,1,71
BRDA:1121,99,0,72
BRDA:1121,99,1,59
BRDA:1122,100,0,72
BRDA:1122,100,1,9
BRDA:1123,101,0,72
BRDA:1123,101,1,2
BRDA:1124,102,0,72
BRDA:1124,102,1,2
BRDA:1124,103,0,2
BRDA:1124,103,1,0
BRF:215
BRH:154
end_of_record
TN:
SF:src\views\Login.jsx
FN:20,(anonymous_0)
FN:23,(anonymous_1)
FN:110,(anonymous_2)
FN:186,(anonymous_3)
FNF:4
FNH:4
FNDA:10,(anonymous_0)
FNDA:3,(anonymous_1)
FNDA:200,(anonymous_2)
FNDA:40,(anonymous_3)
DA:20,1
DA:21,10
DA:23,10
DA:24,3
DA:25,3
DA:26,3
DA:29,2
DA:30,2
DA:32,1
DA:34,2
DA:36,1
DA:37,1
DA:39,3
DA:43,10
DA:66,10
DA:111,200
DA:187,40
LF:17
LH:17
BRDA:266,0,0,3
BRDA:266,0,1,7
BRDA:286,1,0,3
BRDA:286,1,1,7
BRDA:287,2,0,10
BRDA:287,2,1,7
BRF:6
BRH:6
end_of_record
