Name                      Stmts   Miss  Cover
---------------------------------------------
leadgen\__init__.py           2      0   100%
leadgen\celery.py             9      1    89%
leadgen\env.py               15      4    73%
leadgen\urls.py               3      0   100%
leads\__init__.py             0      0   100%
leads\authentication.py      54     14    74%
leads\models.py              35      7    80%
leads\serializers.py          7      0   100%
leads\tasks.py                9      4    56%
leads\urls.py                 4      0   100%
leads\views.py              169     21    88%
---------------------------------------------
TOTAL                       307     51    83%
