Captured: 2026-09-16T11:27:58Z
============================= test session starts =============================
platform win32 -- Python 3.10.11, pytest-9.0.2, pluggy-1.6.0 -- C:\Users\Zubair Hussain\AppData\Local\Programs\Python\Python310\python.exe
cachedir: .pytest_cache
django: version: 5.2.17, settings: leadgen.test_settings (from ini)
rootdir: C:\Users\Zubair Hussain\Desktop\leadgen\Leadgen_project-\backend
configfile: pytest.ini
plugins: anyio-4.15.1, cov-7.0.0, django-4.11.1
collecting ... collected 38 items

leads/tests/test_api.py::LeadApiTests::test_bulk_verify_updates_owned_unverified_leads PASSED [  2%]
leads/tests/test_api.py::LeadApiTests::test_delete_only_deletes_owned_lead PASSED [  5%]
leads/tests/test_api.py::LeadApiTests::test_deliverability_check_returns_result PASSED [  7%]
leads/tests/test_api.py::LeadApiTests::test_export_streams_only_verified_owned_leads PASSED [ 10%]
leads/tests/test_api.py::LeadApiTests::test_file_verify_extracts_emails PASSED [ 13%]
leads/tests/test_api.py::LeadApiTests::test_file_verify_rejects_large_uploads PASSED [ 15%]
leads/tests/test_api.py::LeadApiTests::test_generate_can_queue_celery_task PASSED [ 18%]
leads/tests/test_api.py::LeadApiTests::test_generate_leads_calls_service_with_owner PASSED [ 21%]
leads/tests/test_api.py::LeadApiTests::test_generate_requires_category PASSED [ 23%]
leads/tests/test_api.py::LeadApiTests::test_generate_requires_platforms PASSED [ 26%]
leads/tests/test_api.py::LeadApiTests::test_health_is_public_and_minimal PASSED [ 28%]
leads/tests/test_api.py::LeadApiTests::test_lead_list_is_scoped_to_current_user PASSED [ 31%]
leads/tests/test_api.py::LeadApiTests::test_lead_list_requires_authentication PASSED [ 34%]
leads/tests/test_api.py::LeadApiTests::test_multi_verify_limits_to_submitted_emails PASSED [ 36%]
leads/tests/test_api.py::LeadApiTests::test_single_verify_uses_backend_verifier PASSED [ 39%]
leads/tests/test_authentication.py::FirebaseAuthenticationTests::test_malformed_header_fails PASSED [ 42%]
leads/tests/test_authentication.py::FirebaseAuthenticationTests::test_missing_header_returns_none PASSED [ 44%]
leads/tests/test_authentication.py::FirebaseAuthenticationTests::test_valid_firebase_token_creates_user PASSED [ 47%]
leads/tests/test_jwt.py::JwtAuthFlowTests::test_access_token_authenticates_protected_endpoint PASSED [ 50%]
leads/tests/test_jwt.py::JwtAuthFlowTests::test_access_token_scopes_to_the_owner PASSED [ 52%]
leads/tests/test_jwt.py::JwtAuthFlowTests::test_invalid_bearer_token_is_unauthorized PASSED [ 55%]
leads/tests/test_jwt.py::JwtAuthFlowTests::test_obtain_rejects_bad_credentials PASSED [ 57%]
leads/tests/test_jwt.py::JwtAuthFlowTests::test_obtain_token_pair PASSED [ 60%]
leads/tests/test_jwt.py::JwtAuthFlowTests::test_refresh_returns_new_access_token PASSED [ 63%]
leads/tests/test_jwt.py::JwtAuthFlowTests::test_verify_accepts_a_valid_token PASSED [ 65%]
leads/tests/test_jwt.py::JwtAuthFlowTests::test_verify_rejects_garbage PASSED [ 68%]
leads/tests/test_jwt.py::FallthroughJWTAuthenticationTests::test_no_header_returns_none PASSED [ 71%]
leads/tests/test_jwt.py::FallthroughJWTAuthenticationTests::test_non_jwt_bearer_falls_through PASSED [ 73%]
leads/tests/test_jwt.py::FirebaseTokenExchangeTests::test_exchange_mints_a_django_jwt_pair_for_the_user PASSED [ 76%]
leads/tests/test_jwt.py::FirebaseTokenExchangeTests::test_exchange_requires_authentication PASSED [ 78%]
leads/tests/test_jwt.py::FirebaseTokenExchangeTests::test_exchanged_access_token_authenticates_api_calls PASSED [ 81%]
leads/tests/test_services.py::EmailVerifierTests::test_invalid_system_addresses_are_rejected PASSED [ 84%]
leads/tests/test_services.py::EmailVerifierTests::test_normalize_email_strips_mailto_and_query PASSED [ 86%]
leads/tests/test_services.py::DeliverabilityPolicyCheckerTests::test_policy_check_scores_authenticated_sender PASSED [ 89%]
leads/tests/test_services.py::LeadGeneratorTests::test_fetch_page_blocks_private_targets PASSED [ 92%]
leads/tests/test_services.py::LeadGeneratorTests::test_private_urls_are_blocked PASSED [ 94%]
leads/tests/test_services.py::LeadGeneratorTests::test_save_leads_sets_owner_and_deduplicates PASSED [ 97%]
test_serpapi.py::test_serpapi PASSED                                     [100%]

============================== warnings summary ===============================
..\..\..\..\AppData\Local\Programs\Python\Python310\lib\site-packages\email_validator\types.py:66
..\..\..\..\AppData\Local\Programs\Python\Python310\lib\site-packages\email_validator\types.py:66
  C:\Users\Zubair Hussain\AppData\Local\Programs\Python\Python310\lib\site-packages\email_validator\types.py:66: DeprecationWarning: ValidatedEmail.email is deprecated and will be removed, use ValidatedEmail.normalized instead
    warnings.warn("ValidatedEmail.email is deprecated and will be removed, use ValidatedEmail.normalized instead", DeprecationWarning)

leads/tests/test_jwt.py::JwtAuthFlowTests::test_access_token_authenticates_protected_endpoint
leads/tests/test_jwt.py::JwtAuthFlowTests::test_access_token_scopes_to_the_owner
leads/tests/test_jwt.py::JwtAuthFlowTests::test_obtain_token_pair
leads/tests/test_jwt.py::JwtAuthFlowTests::test_refresh_returns_new_access_token
leads/tests/test_jwt.py::JwtAuthFlowTests::test_verify_accepts_a_valid_token
leads/tests/test_jwt.py::FirebaseTokenExchangeTests::test_exchange_mints_a_django_jwt_pair_for_the_user
leads/tests/test_jwt.py::FirebaseTokenExchangeTests::test_exchanged_access_token_authenticates_api_calls
  C:\Users\Zubair Hussain\AppData\Local\Programs\Python\Python310\lib\site-packages\jwt\api_jwt.py:149: InsecureKeyLengthWarning: The HMAC key is 11 bytes long, which is below the minimum recommended length of 32 bytes for SHA256. See RFC 7518 Section 3.2.
    return self._jws.encode(

leads/tests/test_jwt.py::JwtAuthFlowTests::test_access_token_authenticates_protected_endpoint
leads/tests/test_jwt.py::JwtAuthFlowTests::test_access_token_scopes_to_the_owner
leads/tests/test_jwt.py::JwtAuthFlowTests::test_refresh_returns_new_access_token
leads/tests/test_jwt.py::JwtAuthFlowTests::test_verify_accepts_a_valid_token
leads/tests/test_jwt.py::FirebaseTokenExchangeTests::test_exchanged_access_token_authenticates_api_calls
  C:\Users\Zubair Hussain\AppData\Local\Programs\Python\Python310\lib\site-packages\jwt\api_jwt.py:370: InsecureKeyLengthWarning: The HMAC key is 11 bytes long, which is below the minimum recommended length of 32 bytes for SHA256. See RFC 7518 Section 3.2.
    decoded = self.decode_complete(

-- Docs: https://docs.pytest.org/en/stable/how-to/capture-warnings.html
=============================== tests coverage ================================
______________ coverage: platform win32, python 3.10.11-final-0 _______________

Name                      Stmts   Miss  Cover   Missing
-------------------------------------------------------
leadgen\__init__.py           2      0   100%
leadgen\celery.py             9      1    89%   20
leadgen\env.py               15      4    73%   18-21
leadgen\urls.py               3      0   100%
leads\__init__.py             0      0   100%
leads\authentication.py      54     14    74%   26, 37-47, 67-68, 73, 82-83
leads\models.py              35      7    80%   82, 87-92
leads\serializers.py          7      0   100%
leads\tasks.py                9      4    56%   10-13
leads\urls.py                 4      0   100%
leads\views.py              169     21    88%   30, 87-88, 145, 167-169, 176-186, 212, 226, 244, 280, 298-300
-------------------------------------------------------
TOTAL                       307     51    83%
Coverage XML written to file coverage.xml
Required test coverage of 80% reached. Total coverage: 83.39%
======================= 38 passed, 14 warnings in 4.54s =======================
